<?xml version="1.0" encoding="UTF-8"?>
<testsuite xmlns:xsi="http://www.w3.org/2001/XMLSchema-instance" xsi:schemaLocation="https://maven.apache.org/surefire/maven-surefire-plugin/xsd/surefire-test-report.xsd" name="TestSuite" time="21.817" tests="15" errors="0" skipped="0" failures="0">
  <properties>
    <property name="java.runtime.name" value="Java(TM) SE Runtime Environment"/>
    <property name="java.vm.version" value="17.0.6+9-LTS-190"/>
    <property name="sun.boot.library.path" value="F:\jdk-17_windows-x64_bin\jdk-17.0.6\bin"/>
    <property name="maven.multiModuleProjectDirectory" value="F:\github\Reqres_API_Demo_Framework\reqres_Api"/>
    <property name="java.vm.vendor" value="Oracle Corporation"/>
    <property name="java.vendor.url" value="https://java.oracle.com/"/>
    <property name="guice.disable.misplaced.annotation.check" value="true"/>
    <property name="path.separator" value=";"/>
    <property name="java.vm.name" value="Java HotSpot(TM) 64-Bit Server VM"/>
    <property name="sun.os.patch.level" value=""/>
    <property name="user.script" value=""/>
    <property name="user.country" value="US"/>
    <property name="sun.java.launcher" value="SUN_STANDARD"/>
    <property name="java.vm.specification.name" value="Java Virtual Machine Specification"/>
    <property name="user.dir" value="F:\github\Reqres_API_Demo_Framework\reqres_Api"/>
    <property name="java.vm.compressedOopsMode" value="32-bit"/>
    <property name="java.runtime.version" value="17.0.6+9-LTS-190"/>
    <property name="os.arch" value="amd64"/>
    <property name="java.io.tmpdir" value="C:\Users\ACER\AppData\Local\Temp\"/>
    <property name="line.separator" value="&#10;"/>
    <property name="java.vm.specification.vendor" value="Oracle Corporation"/>
    <property name="user.variant" value=""/>
    <property name="os.name" value="Windows 11"/>
    <property name="classworlds.conf" value="F:\apache-maven-3.8.6\bin\m2.conf"/>
    <property name="sun.jnu.encoding" value="Cp1252"/>
    <property name="java.library.path" value="F:\jdk-17_windows-x64_bin\jdk-17.0.6\bin;C:\WINDOWS\Sun\Java\bin;C:\WINDOWS\system32;C:\WINDOWS;C:\WINDOWS\system32;C:\WINDOWS;C:\WINDOWS\System32\Wbem;C:\WINDOWS\System32\WindowsPowerShell\v1.0\;C:\WINDOWS\System32\OpenSSH\;C:\Program Files\Git\cmd;F:\apache-maven-3.8.6\bin;F:\jdk-17_windows-x64_bin\jdk-17.0.6\bin;C:\Program Files\Git\bin;C:\Program Files\Git\cmd;C:\Program Files\allure-2.22.0\bin;C:\Program Files\nodejs\;C:\Users\ACER\AppData\Local\Microsoft\WindowsApps;C:\Users\ACER\AppData\Local\Programs\Microsoft VS Code\bin;F:\jdk-17_windows-x64_bin\jdk-17.0.6\bin;C:\Users\ACER\AppData\Roaming\npm;."/>
    <property name="maven.conf" value="F:\apache-maven-3.8.6/conf"/>
    <property name="jdk.debug" value="release"/>
    <property name="java.class.version" value="61.0"/>
    <property name="java.specification.name" value="Java Platform API Specification"/>
    <property name="sun.management.compiler" value="HotSpot 64-Bit Tiered Compilers"/>
    <property name="os.version" value="10.0"/>
    <property name="library.jansi.path" value="F:\apache-maven-3.8.6\lib\jansi-native"/>
    <property name="user.home" value="C:\Users\ACER"/>
    <property name="user.timezone" value="Asia/Dhaka"/>
    <property name="file.encoding" value="Cp1252"/>
    <property name="java.specification.version" value="17"/>
    <property name="user.name" value="ACER"/>
    <property name="java.class.path" value="F:\apache-maven-3.8.6\boot\plexus-classworlds-2.6.0.jar"/>
    <property name="java.vm.specification.version" value="17"/>
    <property name="sun.arch.data.model" value="64"/>
    <property name="sun.java.command" value="org.codehaus.plexus.classworlds.launcher.Launcher clean test"/>
    <property name="java.home" value="F:\jdk-17_windows-x64_bin\jdk-17.0.6"/>
    <property name="user.language" value="en"/>
    <property name="java.specification.vendor" value="Oracle Corporation"/>
    <property name="java.vm.info" value="mixed mode, sharing"/>
    <property name="java.version" value="17.0.6"/>
    <property name="native.encoding" value="Cp1252"/>
    <property name="java.vendor" value="Oracle Corporation"/>
    <property name="sun.stderr.encoding" value="cp437"/>
    <property name="maven.home" value="F:\apache-maven-3.8.6"/>
    <property name="file.separator" value="\"/>
    <property name="java.version.date" value="2023-01-17"/>
    <property name="java.vendor.url.bug" value="https://bugreport.java.com/bugreport/"/>
    <property name="sun.io.unicode.encoding" value="UnicodeLittle"/>
    <property name="sun.cpu.endian" value="little"/>
    <property name="sun.stdout.encoding" value="cp437"/>
    <property name="sun.cpu.isalist" value="amd64"/>
  </properties>
  <testcase name="deleteTest" classname="com.internet.reqres_Api.tests.DeleteTest" time="3.227"/>
  <testcase name="getAllUsersPagedDelayed" classname="com.internet.reqres_Api.tests.GetAllUsersPagedDelayed" time="5.345"/>
  <testcase name="getApiSingleOnlyUnknown" classname="com.internet.reqres_Api.tests.GetApiSingleOnlyUnknown" time="0.445"/>
  <testcase name="getApiSingleOnlyUnknownNotFound" classname="com.internet.reqres_Api.tests.GetApiSingleOnlyUnknownNotFound" time="0.749"/>
  <testcase name="getApiUnknown" classname="com.internet.reqres_Api.tests.GetApiUnknown" time="0.413"/>
  <testcase name="getSingleUser" classname="com.internet.reqres_Api.tests.GetSingleUser" time="0.625"/>
  <testcase name="getSingleUserNotFound" classname="com.internet.reqres_Api.tests.GetSingleUserNotFound" time="0.635"/>
  <testcase name="getUserList" classname="com.internet.reqres_Api.tests.GetUserList" time="0.688"/>
  <testcase name="patchUpdateTest" classname="com.internet.reqres_Api.tests.PatchUpdateTest" time="0.81"/>
  <testcase name="postCreateTest" classname="com.internet.reqres_Api.tests.PostCreateTest" time="0.781"/>
  <testcase name="postLoginSuccessfulTest" classname="com.internet.reqres_Api.tests.PostLoginSuccessfulTest" time="0.774"/>
  <testcase name="postLoginUnsuccessfulTest" classname="com.internet.reqres_Api.tests.PostLoginUnsuccessfulTest" time="0.793"/>
  <testcase name="postRegisterUserTest" classname="com.internet.reqres_Api.tests.PostRegisterUserTest" time="0.705"/>
  <testcase name="postRegisterUserUnsuccessfulTest" classname="com.internet.reqres_Api.tests.PostRegisterUserUnsuccessfulTest" time="0.708"/>
  <testcase name="putUpdateTest" classname="com.internet.reqres_Api.tests.PutUpdateTest" time="0.761"/>
</testsuite>