<?xml version="1.0" encoding="UTF-8"?>
<!-- Generated by org.testng.reporters.JUnitReportReporter -->
<testsuite hostname="DESKTOP-QFS526T" failures="0" tests="1" name="com.internet.reqres_Api.tests.PostLoginUnsuccessfulTest" time="0.661" errors="0" timestamp="2023-05-23T23:50:09 BDT" skipped="0">
  <testcase classname="com.internet.reqres_Api.tests.PostLoginUnsuccessfulTest" name="postLoginUnsuccessfulTest" time="0.661"/>
  <system-out/>
</testsuite> <!-- com.internet.reqres_Api.tests.PostLoginUnsuccessfulTest -->
