<?xml version="1.0" encoding="UTF-8"?>
<!-- Generated by org.testng.reporters.JUnitReportReporter -->
<testsuite hostname="DESKTOP-QFS526T" failures="0" tests="1" name="com.internet.reqres_Api.tests.PostRegisterUserTest" time="0.712" errors="0" timestamp="2023-05-23T23:50:09 BDT" skipped="0">
  <testcase classname="com.internet.reqres_Api.tests.PostRegisterUserTest" name="postRegisterUserTest" time="0.712"/>
  <system-out/>
</testsuite> <!-- com.internet.reqres_Api.tests.PostRegisterUserTest -->
