<?xml version="1.0" encoding="UTF-8"?>
<!-- Generated by org.testng.reporters.JUnitReportReporter -->
<testsuite hostname="DESKTOP-QFS526T" failures="0" tests="1" name="com.internet.reqres_Api.tests.GetSingleUserNotFound" time="0.634" errors="0" timestamp="2023-05-15T12:05:27 BDT" skipped="0">
  <testcase classname="com.internet.reqres_Api.tests.GetSingleUserNotFound" name="getSingleUserNotFound" time="0.634"/>
  <system-out/>
</testsuite> <!-- com.internet.reqres_Api.tests.GetSingleUserNotFound -->
