<?xml version="1.0" encoding="UTF-8"?>
<!-- Generated by org.testng.reporters.JUnitReportReporter -->
<testsuite hostname="DESKTOP-QFS526T" failures="0" tests="1" name="com.internet.reqres_Api.tests.GetApiUnknown" time="0.413" errors="0" timestamp="2023-05-15T12:05:27 BDT" skipped="0">
  <testcase classname="com.internet.reqres_Api.tests.GetApiUnknown" name="getApiUnknown" time="0.413"/>
  <system-out/>
</testsuite> <!-- com.internet.reqres_Api.tests.GetApiUnknown -->
